0	323.866
1	323.899
2	323.945
3	323.995
4	324.047
5	324.1
6	324.152
7	324.205
8	324.259
9	324.313
10	324.37
11	324.429
12	324.491
13	324.558
14	324.632
15	324.714
16	324.807
17	324.917
18	325.045
19	325.187
20	325.333
21	325.472
22	325.598
23	325.722
24	325.857
25	326.035
26	326.316
27	326.833
28	327.884
29	328.748
30	329.036
31	328.885
32	328.131
33	328.046
34	328.496
35	329.689
36	332.334
37	338.129
38	341.746
39	343.285
40	343.762
41	343.517
42	342.451
43	339.961
44	334.524
45	329.792
46	327.523
47	326.374
48	325.748
49	325.373
50	325.125
51	324.947
52	324.808
53	324.694
54	324.596
55	324.51
56	324.432
57	324.359
58	324.291
59	324.227
60	324.165
61	324.107
62	324.055
63	324.02
64	323.861
65	323.845
66	323.941
67	323.993
68	324.047
69	324.101
70	324.155
71	324.21
72	324.265
73	324.322
74	324.381
75	324.442
76	324.508
77	324.578
78	324.655
79	324.743
80	324.846
81	324.973
82	325.135
83	325.338
84	325.55
85	325.727
86	325.872
87	326.004
88	326.142
89	326.315
90	326.58
91	327.063
92	328.053
93	328.867
94	329.141
95	328.999
96	328.263
97	328.186
98	328.615
99	329.735
100	332.212
101	337.711
102	341.11
103	342.537
104	342.968
105	342.721
106	341.702
107	339.34
108	334.146
109	329.632
110	327.475
111	326.375
112	325.768
113	325.398
114	325.151
115	324.971
116	324.83
117	324.713
118	324.613
119	324.524
120	324.444
121	324.369
122	324.299
123	324.232
124	324.168
125	324.108
126	324.056
127	324.019
128	323.855
129	323.889
130	323.937
131	323.991
132	324.047
133	324.103
134	324.16
135	324.217
136	324.275
137	324.335
138	324.397
139	324.462
140	324.531
141	324.606
142	324.69
143	324.787
144	324.907
145	325.067
146	325.302
147	325.678
148	326.094
149	326.355
150	326.536
151	326.682
152	326.822
153	326.983
154	327.215
155	327.613
156	328.401
157	329.057
158	329.298
159	329.19
160	328.517
161	328.475
162	328.871
163	329.837
164	331.907
165	336.42
166	339.219
167	340.394
168	340.731
169	340.482
170	339.563
171	337.502
172	333.095
173	329.244
174	327.348
175	326.35
176	325.781
177	325.426
178	325.182
179	325.001
180	324.857
181	324.738
182	324.635
183	324.543
184	324.459
185	324.382
186	324.309
187	324.24
188	324.174
189	324.112
190	324.058
191	324.02
192	323.85
193	323.885
194	323.934
195	323.99
196	324.047
197	324.106
198	324.165
199	324.225
200	324.286
201	324.348
202	324.414
203	324.483
204	324.557
205	324.637
206	324.729
207	324.837
208	324.977
209	325.177
210	325.504
211	326.123
212	326.834
213	327.202
214	327.427
215	327.589
216	327.729
217	327.873
218	328.054
219	328.33
220	328.805
221	329.228
222	329.449
223	329.457
224	328.984
225	329.06
226	329.445
227	330.214
228	331.717
229	334.711
230	336.632
231	337.462
232	337.669
233	337.41
234	336.608
235	334.929
236	331.661
237	328.748
238	327.18
239	326.305
240	325.785
241	325.447
242	325.21
243	325.03
244	324.885
245	324.763
246	324.657
247	324.562
248	324.475
249	324.395
250	324.32
251	324.248
252	324.18
253	324.116
254	324.06
255	324.022
256	323.846
257	323.881
258	323.932
259	323.989
260	324.048
261	324.108
262	324.17
263	324.232
264	324.296
265	324.362
266	324.431
267	324.504
268	324.583
269	324.669
270	324.768
271	324.889
272	325.047
273	325.28
274	325.67
275	326.4
276	327.232
277	327.67
278	327.928
279	328.104
280	328.242
281	328.365
282	328.491
283	328.648
284	328.911
285	329.191
286	329.471
287	329.794
288	329.943
289	330.336
290	330.783
291	331.383
292	332.404
293	334.483
294	335.748
295	336.25
296	336.319
297	336.034
298	335.303
299	333.832
300	330.97
301	328.422
302	327.047
303	326.263
304	325.782
305	325.463
306	325.232
307	325.054
308	324.908
309	324.785
310	324.676
311	324.579
312	324.49
313	324.408
314	324.33
315	324.256
316	324.185
317	324.12
318	324.063
319	324.025
320	323.843
321	323.879
322	323.93
323	323.988
324	324.049
325	324.111
326	324.175
327	324.24
328	324.306
329	324.375
330	324.448
331	324.525
332	324.608
333	324.7
334	324.807
335	324.938
336	325.113
337	325.373
338	325.81
339	326.616
340	327.53
341	328.019
342	328.304
343	328.49
344	328.625
345	328.724
346	328.786
347	328.783
348	328.642
349	328.651
350	329.045
351	330.018
352	332.207
353	333.262
354	333.861
355	334.309
356	334.761
357	335.294
358	335.659
359	335.803
360	335.732
361	335.409
362	334.709
363	333.333
364	330.629
365	328.233
366	326.957
367	326.229
368	325.778
369	325.473
370	325.248
371	325.073
372	324.927
373	324.803
374	324.693
375	324.594
376	324.503
377	324.419
378	324.339
379	324.263
380	324.191
381	324.124
382	324.067
383	324.027
384	323.841
385	323.877
386	323.929
387	323.988
388	324.05
389	324.114
390	324.18
391	324.247
392	324.316
393	324.388
394	324.463
395	324.544
396	324.632
397	324.73
398	324.844
399	324.984
400	325.174
401	325.458
402	325.941
403	326.852
404	327.889
405	328.429
406	328.737
407	328.933
408	329.064
409	329.142
410	329.147
411	328.998
412	328.472
413	328.215
414	328.693
415	330.201
416	333.986
417	335.591
418	336.325
419	336.663
420	336.686
421	336.067
422	335.756
423	335.629
424	335.451
425	335.096
426	334.407
427	333.078
428	330.443
429	328.118
430	326.895
431	326.202
432	325.772
433	325.478
434	325.26
435	325.087
436	324.942
437	324.818
438	324.707
439	324.606
440	324.514
441	324.428
442	324.346
443	324.269
444	324.196
445	324.128
446	324.07
447	324.03
448	323.84
449	323.876
450	323.928
451	323.988
452	324.051
453	324.117
454	324.184
455	324.253
456	324.324
457	324.398
458	324.477
459	324.561
460	324.653
461	324.757
462	324.877
463	325.027
464	325.229
465	325.532
466	326.044
467	327.02
468	328.134
469	328.705
470	329.03
471	329.233
472	329.364
473	329.431
474	329.404
475	329.184
476	328.502
477	328.13
478	328.614
479	330.265
480	334.371
481	336.127
482	336.893
483	337.182
484	337.066
485	336.187
486	335.689
487	335.466
488	335.243
489	334.877
490	334.201
491	332.902
492	330.31
493	328.03
494	326.844
495	326.176
496	325.762
497	325.478
498	325.266
499	325.096
500	324.953
501	324.828
502	324.717
503	324.616
504	324.522
505	324.435
506	324.352
507	324.274
508	324.2
509	324.131
510	324.072
511	324.032
512	323.838
513	323.874
514	323.927
515	323.988
516	324.052
517	324.118
518	324.187
519	324.258
520	324.331
521	324.408
522	324.489
523	324.577
524	324.673
525	324.781
526	324.909
527	325.067
528	325.281
529	325.596
530	326.109
531	327.013
532	328.027
533	328.592
534	328.928
535	329.14
536	329.274
537	329.34
538	329.308
539	329.093
540	328.499
541	328.167
542	328.573
543	330.022
544	333.726
545	335.28
546	335.966
547	336.253
548	336.243
549	335.653
550	335.334
551	335.174
552	334.972
553	334.62
554	333.967
555	332.705
556	330.164
557	327.934
558	326.786
559	326.145
560	325.748
561	325.474
562	325.268
563	325.101
564	324.96
565	324.836
566	324.724
567	324.622
568	324.528
569	324.44
570	324.356
571	324.277
572	324.202
573	324.133
574	324.074
575	324.033
576	323.836
577	323.873
578	323.926
579	323.987
580	324.052
581	324.12
582	324.189
583	324.261
584	324.336
585	324.415
586	324.499
587	324.59
588	324.689
589	324.803
590	324.937
591	325.105
592	325.333
593	325.671
594	326.213
595	327.146
596	328.186
597	328.781
598	329.138
599	329.365
600	329.508
601	329.579
602	329.555
603	329.354
604	328.783
605	328.415
606	328.623
607	329.481
608	331.42
609	332.384
610	332.878
611	333.188
612	333.525
613	334.262
614	334.608
615	334.643
616	334.506
617	334.189
618	333.577
619	332.382
620	329.936
621	327.796
622	326.71
623	326.105
624	325.728
625	325.466
626	325.266
627	325.102
628	324.963
629	324.839
630	324.728
631	324.626
632	324.532
633	324.443
634	324.359
635	324.279
636	324.204
637	324.134
638	324.075
639	324.034
640	323.834
641	323.871
642	323.924
643	323.986
644	324.051
645	324.12
646	324.19
647	324.264
648	324.34
649	324.421
650	324.507
651	324.6
652	324.703
653	324.821
654	324.962
655	325.142
656	325.391
657	325.767
658	326.388
659	327.461
660	328.657
661	329.341
662	329.744
663	329.993
664	330.15
665	330.234
666	330.227
667	330.058
668	329.534
669	329.142
670	329.146
671	329.453
672	330.186
673	330.587
674	330.857
675	331.132
676	331.628
677	332.908
678	333.565
679	333.714
680	333.625
681	333.346
682	332.798
683	331.73
684	329.512
685	327.577
686	326.604
687	326.054
688	325.703
689	325.454
690	325.26
691	325.101
692	324.963
693	324.84
694	324.73
695	324.628
696	324.533
697	324.444
698	324.36
699	324.28
700	324.204
701	324.134
702	324.074
703	324.034
704	323.832
705	323.869
706	323.922
707	323.984
708	324.05
709	324.119
710	324.19
711	324.265
712	324.342
713	324.424
714	324.512
715	324.607
716	324.713
717	324.835
718	324.983
719	325.175
720	325.448
721	325.883
722	326.647
723	328.103
724	329.76
725	330.616
726	331.086
727	331.366
728	331.54
729	331.642
730	331.666
731	331.567
732	331.229
733	330.929
734	330.773
735	330.544
736	329.936
737	329.775
738	329.809
739	329.972
740	330.356
741	331.29
742	331.796
743	331.916
744	331.832
745	331.584
746	331.12
747	330.279
748	328.679
749	327.258
750	326.474
751	325.997
752	325.676
753	325.44
754	325.253
755	325.096
756	324.96
757	324.839
758	324.728
759	324.627
760	324.532
761	324.443
762	324.359
763	324.278
764	324.203
765	324.133
766	324.073
767	324.032
768	323.829
769	323.866
770	323.919
771	323.981
772	324.047
773	324.117
774	324.189
775	324.264
776	324.342
777	324.425
778	324.514
779	324.611
780	324.719
781	324.845
782	324.998
783	325.199
784	325.494
785	325.98
786	326.888
787	328.776
788	330.962
789	331.992
790	332.526
791	332.832
792	333.023
793	333.143
794	333.202
795	333.188
796	333.096
797	332.956
798	332.72
799	332.081
800	330.168
801	329.564
802	329.418
803	329.459
804	329.628
805	329.922
806	330.103
807	330.126
808	330.019
809	329.784
810	329.386
811	328.756
812	327.844
813	326.98
814	326.371
815	325.953
816	325.654
817	325.427
818	325.244
819	325.089
820	324.955
821	324.834
822	324.725
823	324.624
824	324.529
825	324.44
826	324.356
827	324.276
828	324.2
829	324.13
830	324.07
831	324.03
832	323.825
833	323.862
834	323.916
835	323.977
836	324.044
837	324.113
838	324.186
839	324.261
840	324.34
841	324.424
842	324.513
843	324.611
844	324.721
845	324.848
846	325.004
847	325.21
848	325.513
849	326.014
850	326.953
851	328.895
852	331.143
853	332.208
854	332.76
855	333.078
856	333.279
857	333.413
858	333.499
859	333.538
860	333.54
861	333.483
862	333.29
863	332.683
864	330.816
865	330.219
866	330.052
867	330.041
868	330.098
869	330.182
870	330.218
871	330.173
872	330.037
873	329.789
874	329.385
875	328.751
876	327.835
877	326.967
878	326.358
879	325.94
880	325.642
881	325.416
882	325.234
883	325.081
884	324.947
885	324.827
886	324.718
887	324.618
888	324.524
889	324.435
890	324.351
891	324.271
892	324.196
893	324.126
894	324.066
895	324.026
896	323.821
897	323.857
898	323.911
899	323.973
900	324.039
901	324.109
902	324.181
903	324.256
904	324.336
905	324.42
906	324.51
907	324.608
908	324.718
909	324.846
910	325.002
911	325.206
912	325.503
913	325.983
914	326.845
915	328.517
916	330.425
917	331.395
918	331.921
919	332.234
920	332.438
921	332.582
922	332.686
923	332.761
924	332.816
925	332.843
926	332.819
927	332.679
928	332.297
929	332.151
930	332.118
931	332.127
932	332.148
933	332.159
934	332.133
935	332.049
936	331.884
937	331.602
938	331.122
939	330.269
940	328.653
941	327.22
942	326.434
943	325.958
944	325.64
945	325.408
946	325.224
947	325.07
948	324.937
949	324.818
950	324.71
951	324.61
952	324.516
953	324.428
954	324.344
955	324.265
956	324.19
957	324.12
958	324.061
959	324.021
960	323.816
961	323.852
962	323.905
963	323.967
964	324.033
965	324.102
966	324.174
967	324.25
968	324.329
969	324.413
970	324.503
971	324.601
972	324.711
973	324.837
974	324.991
975	325.192
976	325.476
977	325.923
978	326.692
979	328.103
980	329.696
981	330.554
982	331.042
983	331.342
984	331.545
985	331.694
986	331.811
987	331.911
988	332.006
989	332.113
990	332.274
991	332.606
992	333.504
993	333.822
994	333.953
995	334.013
996	334.034
997	334.023
998	333.971
999	333.863
1000	333.675
1001	333.354
1002	332.785
1003	331.702
1004	329.46
1005	327.508
1006	326.532
1007	325.986
1008	325.642
1009	325.399
1010	325.212
1011	325.057
1012	324.924
1013	324.806
1014	324.698
1015	324.599
1016	324.506
1017	324.419
1018	324.336
1019	324.257
1020	324.182
1021	324.114
1022	324.055
1023	324.015
1024	323.809
1025	323.846
1026	323.898
1027	323.96
1028	324.025
1029	324.094
1030	324.166
1031	324.241
1032	324.32
1033	324.403
1034	324.493
1035	324.59
1036	324.699
1037	324.824
1038	324.975
1039	325.169
1040	325.442
1041	325.863
1042	326.577
1043	327.884
1044	329.362
1045	330.157
1046	330.616
1047	330.905
1048	331.104
1049	331.255
1050	331.381
1051	331.497
1052	331.622
1053	331.789
1054	332.072
1055	332.649
1056	333.963
1057	334.521
1058	334.764
1059	334.869
1060	334.901
1061	334.886
1062	334.823
1063	334.703
1064	334.497
1065	334.146
1066	333.516
1067	332.307
1068	329.839
1069	327.684
1070	326.6
1071	326.004
1072	325.638
1073	325.387
1074	325.196
1075	325.041
1076	324.909
1077	324.791
1078	324.684
1079	324.586
1080	324.494
1081	324.408
1082	324.325
1083	324.247
1084	324.173
1085	324.105
1086	324.047
1087	324.007
1088	323.802
1089	323.838
1090	323.891
1091	323.951
1092	324.017
1093	324.085
1094	324.156
1095	324.231
1096	324.309
1097	324.391
1098	324.479
1099	324.576
1100	324.683
1101	324.805
1102	324.953
1103	325.141
1104	325.404
1105	325.808
1106	326.492
1107	327.754
1108	329.184
1109	329.947
1110	330.387
1111	330.666
1112	330.862
1113	331.014
1114	331.144
1115	331.271
1116	331.416
1117	331.621
1118	331.97
1119	332.66
1120	334.128
1121	334.797
1122	335.103
1123	335.237
1124	335.281
1125	335.267
1126	335.201
1127	335.074
1128	334.858
1129	334.488
1130	333.824
1131	332.556
1132	330
1133	327.765
1134	326.629
1135	326.005
1136	325.625
1137	325.368
1138	325.176
1139	325.021
1140	324.889
1141	324.773
1142	324.668
1143	324.571
1144	324.48
1145	324.394
1146	324.313
1147	324.236
1148	324.163
1149	324.095
1150	324.038
1151	323.998
1152	323.794
1153	323.83
1154	323.882
1155	323.942
1156	324.006
1157	324.074
1158	324.145
1159	324.218
1160	324.295
1161	324.376
1162	324.463
1163	324.558
1164	324.663
1165	324.782
1166	324.926
1167	325.109
1168	325.363
1169	325.754
1170	326.421
1171	327.66
1172	329.066
1173	329.81
1174	330.237
1175	330.509
1176	330.7
1177	330.851
1178	330.984
1179	331.116
1180	331.273
1181	331.498
1182	331.882
1183	332.623
1184	334.151
1185	334.869
1186	335.207
1187	335.359
1188	335.411
1189	335.4
1190	335.333
1191	335.204
1192	334.983
1193	334.605
1194	333.926
1195	332.633
1196	330.045
1197	327.779
1198	326.622
1199	325.986
1200	325.601
1201	325.342
1202	325.15
1203	324.997
1204	324.866
1205	324.752
1206	324.648
1207	324.552
1208	324.463
1209	324.379
1210	324.299
1211	324.223
1212	324.151
1213	324.084
1214	324.027
1215	323.988
1216	323.785
1217	323.82
1218	323.872
1219	323.931
1220	323.995
1221	324.062
1222	324.131
1223	324.204
1224	324.279
1225	324.359
1226	324.444
1227	324.537
1228	324.639
1229	324.755
1230	324.894
1231	325.071
1232	325.318
1233	325.698
1234	326.351
1235	327.574
1236	328.964
1237	329.694
1238	330.11
1239	330.374
1240	330.561
1241	330.709
1242	330.841
1243	330.975
1244	331.137
1245	331.372
1246	331.77
1247	332.531
1248	334.083
1249	334.821
1250	335.173
1251	335.334
1252	335.391
1253	335.382
1254	335.317
1255	335.188
1256	334.968
1257	334.589
1258	333.908
1259	332.611
1260	330.017
1261	327.745
1262	326.584
1263	325.948
1264	325.564
1265	325.308
1266	325.118
1267	324.967
1268	324.84
1269	324.727
1270	324.626
1271	324.532
1272	324.444
1273	324.362
1274	324.283
1275	324.208
1276	324.137
1277	324.072
1278	324.015
1279	323.977
1280	323.775
1281	323.81
1282	323.861
1283	323.919
1284	323.982
1285	324.048
1286	324.116
1287	324.187
1288	324.262
1289	324.34
1290	324.423
1291	324.513
1292	324.612
1293	324.724
1294	324.858
1295	325.028
1296	325.266
1297	325.634
1298	326.272
1299	327.479
1300	328.852
1301	329.566
1302	329.971
1303	330.225
1304	330.406
1305	330.549
1306	330.679
1307	330.812
1308	330.974
1309	331.209
1310	331.61
1311	332.374
1312	333.93
1313	334.671
1314	335.026
1315	335.189
1316	335.248
1317	335.241
1318	335.178
1319	335.052
1320	334.836
1321	334.464
1322	333.792
1323	332.506
1324	329.925
1325	327.667
1326	326.518
1327	325.891
1328	325.515
1329	325.264
1330	325.08
1331	324.933
1332	324.809
1333	324.699
1334	324.6
1335	324.509
1336	324.423
1337	324.342
1338	324.265
1339	324.192
1340	324.122
1341	324.058
1342	324.002
1343	323.965
1344	323.765
1345	323.799
1346	323.849
1347	323.906
1348	323.968
1349	324.033
1350	324.1
1351	324.169
1352	324.242
1353	324.318
1354	324.399
1355	324.486
1356	324.581
1357	324.689
1358	324.817
1359	324.979
1360	325.205
1361	325.558
1362	326.175
1363	327.356
1364	328.703
1365	329.396
1366	329.784
1367	330.026
1368	330.198
1369	330.335
1370	330.46
1371	330.588
1372	330.745
1373	330.975
1374	331.367
1375	332.119
1376	333.661
1377	334.391
1378	334.738
1379	334.898
1380	334.956
1381	334.949
1382	334.89
1383	334.77
1384	334.563
1385	334.205
1386	333.555
1387	332.3
1388	329.758
1389	327.537
1390	326.418
1391	325.813
1392	325.451
1393	325.211
1394	325.035
1395	324.893
1396	324.774
1397	324.668
1398	324.572
1399	324.483
1400	324.4
1401	324.321
1402	324.246
1403	324.174
1404	324.106
1405	324.043
1406	323.988
1407	323.951
1408	323.753
1409	323.786
1410	323.835
1411	323.892
1412	323.953
1413	324.016
1414	324.082
1415	324.15
1416	324.22
1417	324.294
1418	324.372
1419	324.456
1420	324.547
1421	324.65
1422	324.77
1423	324.922
1424	325.133
1425	325.463
1426	326.045
1427	327.178
1428	328.475
1429	329.13
1430	329.492
1431	329.718
1432	329.878
1433	330.007
1434	330.124
1435	330.245
1436	330.393
1437	330.609
1438	330.979
1439	331.696
1440	333.193
1441	333.89
1442	334.217
1443	334.366
1444	334.42
1445	334.413
1446	334.357
1447	334.245
1448	334.053
1449	333.721
1450	333.112
1451	331.923
1452	329.47
1453	327.335
1454	326.277
1455	325.711
1456	325.374
1457	325.149
1458	324.983
1459	324.849
1460	324.735
1461	324.634
1462	324.541
1463	324.456
1464	324.375
1465	324.298
1466	324.225
1467	324.155
1468	324.088
1469	324.026
1470	323.973
1471	323.936
1472	323.74
1473	323.773
1474	323.821
1475	323.877
1476	323.936
1477	323.998
1478	324.062
1479	324.128
1480	324.197
1481	324.268
1482	324.344
1483	324.424
1484	324.511
1485	324.607
1486	324.719
1487	324.859
1488	325.049
1489	325.342
1490	325.86
1491	326.89
1492	328.075
1493	328.659
1494	328.98
1495	329.183
1496	329.328
1497	329.446
1498	329.554
1499	329.665
1500	329.799
1501	329.991
1502	330.318
1503	330.958
1504	332.336
1505	332.956
1506	333.243
1507	333.372
1508	333.418
1509	333.41
1510	333.358
1511	333.257
1512	333.086
1513	332.792
1514	332.256
1515	331.201
1516	328.961
1517	327.022
1518	326.083
1519	325.582
1520	325.282
1521	325.079
1522	324.925
1523	324.801
1524	324.693
1525	324.596
1526	324.508
1527	324.426
1528	324.348
1529	324.273
1530	324.202
1531	324.134
1532	324.069
1533	324.008
1534	323.956
1535	323.921
1536	323.726
1537	323.759
1538	323.806
1539	323.86
1540	323.919
1541	323.979
1542	324.041
1543	324.106
1544	324.172
1545	324.241
1546	324.313
1547	324.389
1548	324.471
1549	324.562
1550	324.665
1551	324.789
1552	324.952
1553	325.193
1554	325.598
1555	326.382
1556	327.282
1557	327.735
1558	327.996
1559	328.167
1560	328.294
1561	328.4
1562	328.497
1563	328.596
1564	328.711
1565	328.87
1566	329.126
1567	329.61
1568	330.642
1569	331.107
1570	331.326
1571	331.426
1572	331.46
1573	331.451
1574	331.404
1575	331.316
1576	331.171
1577	330.93
1578	330.508
1579	329.702
1580	328.017
1581	326.554
1582	325.832
1583	325.43
1584	325.178
1585	325.001
1586	324.863
1587	324.748
1588	324.648
1589	324.557
1590	324.473
1591	324.394
1592	324.319
1593	324.247
1594	324.178
1595	324.112
1596	324.048
1597	323.989
1598	323.938
1599	323.904
1600	323.712
1601	323.743
1602	323.79
1603	323.843
1604	323.9
1605	323.958
1606	324.019
1607	324.081
1608	324.145
1609	324.212
1610	324.281
1611	324.353
1612	324.431
1613	324.514
1614	324.607
1615	324.716
1616	324.85
1617	325.029
1618	325.285
1619	325.654
1620	326.048
1621	326.323
1622	326.512
1623	326.649
1624	326.757
1625	326.85
1626	326.936
1627	327.022
1628	327.117
1629	327.237
1630	327.407
1631	327.669
1632	328.044
1633	328.288
1634	328.424
1635	328.49
1636	328.511
1637	328.499
1638	328.457
1639	328.383
1640	328.266
1641	328.085
1642	327.798
1643	327.336
1644	326.638
1645	325.986
1646	325.551
1647	325.267
1648	325.069
1649	324.919
1650	324.797
1651	324.693
1652	324.6
1653	324.515
1654	324.435
1655	324.36
1656	324.288
1657	324.219
1658	324.152
1659	324.088
1660	324.027
1661	323.969
1662	323.919
1663	323.885
1664	323.697
1665	323.728
1666	323.773
1667	323.825
1668	323.88
1669	323.937
1670	323.996
1671	324.056
1672	324.118
1673	324.182
1674	324.248
1675	324.317
1676	324.389
1677	324.466
1678	324.55
1679	324.644
1680	324.753
1681	324.886
1682	325.052
1683	325.253
1684	325.46
1685	325.631
1686	325.766
1687	325.875
1688	325.966
1689	326.046
1690	326.121
1691	326.195
1692	326.272
1693	326.36
1694	326.47
1695	326.61
1696	326.772
1697	326.896
1698	326.973
1699	327.013
1700	327.023
1701	327.009
1702	326.972
1703	326.91
1704	326.818
1705	326.687
1706	326.498
1707	326.235
1708	325.899
1709	325.572
1710	325.312
1711	325.115
1712	324.962
1713	324.837
1714	324.731
1715	324.637
1716	324.551
1717	324.472
1718	324.397
1719	324.325
1720	324.257
1721	324.19
1722	324.126
1723	324.064
1724	324.004
1725	323.949
1726	323.9
1727	323.867
1728	323.681
1729	323.712
1730	323.756
1731	323.806
1732	323.86
1733	323.916
1734	323.973
1735	324.031
1736	324.09
1737	324.151
1738	324.214
1739	324.279
1740	324.347
1741	324.418
1742	324.494
1743	324.576
1744	324.667
1745	324.77
1746	324.886
1747	325.014
1748	325.143
1749	325.26
1750	325.361
1751	325.448
1752	325.525
1753	325.595
1754	325.66
1755	325.722
1756	325.785
1757	325.852
1758	325.924
1759	326.005
1760	326.087
1761	326.153
1762	326.197
1763	326.219
1764	326.222
1765	326.206
1766	326.174
1767	326.123
1768	326.051
1769	325.954
1770	325.826
1771	325.665
1772	325.477
1773	325.289
1774	325.123
1775	324.982
1776	324.862
1777	324.758
1778	324.666
1779	324.581
1780	324.502
1781	324.428
1782	324.358
1783	324.29
1784	324.224
1785	324.161
1786	324.099
1787	324.039
1788	323.981
1789	323.927
1790	323.88
1791	323.848
1792	323.665
1793	323.695
1794	323.738
1795	323.787
1796	323.839
1797	323.893
1798	323.949
1799	324.005
1800	324.062
1801	324.12
1802	324.18
1803	324.241
1804	324.305
1805	324.371
1806	324.44
1807	324.513
1808	324.59
1809	324.673
1810	324.762
1811	324.855
1812	324.948
1813	325.036
1814	325.115
1815	325.188
1816	325.254
1817	325.314
1818	325.371
1819	325.424
1820	325.476
1821	325.528
1822	325.579
1823	325.631
1824	325.678
1825	325.717
1826	325.742
1827	325.754
1828	325.751
1829	325.736
1830	325.707
1831	325.664
1832	325.607
1833	325.533
1834	325.442
1835	325.334
1836	325.213
1837	325.09
1838	324.974
1839	324.867
1840	324.771
1841	324.683
1842	324.601
1843	324.525
1844	324.453
1845	324.384
1846	324.318
1847	324.254
1848	324.192
1849	324.131
1850	324.071
1851	324.014
1852	323.958
1853	323.906
1854	323.86
1855	323.829
1856	323.649
1857	323.678
1858	323.72
1859	323.768
1860	323.818
1861	323.871
1862	323.924
1863	323.978
1864	324.033
1865	324.089
1866	324.145
1867	324.204
1868	324.263
1869	324.324
1870	324.387
1871	324.453
1872	324.521
1873	324.591
1874	324.664
1875	324.739
1876	324.812
1877	324.882
1878	324.949
1879	325.01
1880	325.067
1881	325.12
1882	325.17
1883	325.216
1884	325.259
1885	325.301
1886	325.34
1887	325.376
1888	325.407
1889	325.431
1890	325.446
1891	325.452
1892	325.447
1893	325.432
1894	325.406
1895	325.37
1896	325.323
1897	325.265
1898	325.196
1899	325.116
1900	325.03
1901	324.94
1902	324.852
1903	324.768
1904	324.687
1905	324.612
1906	324.539
1907	324.47
1908	324.404
1909	324.34
1910	324.278
1911	324.217
1912	324.158
1913	324.1
1914	324.043
1915	323.988
1916	323.934
1917	323.883
1918	323.839
1919	323.809
1920	323.632
1921	323.66
1922	323.701
1923	323.748
1924	323.797
1925	323.847
1926	323.899
1927	323.951
1928	324.003
1929	324.057
1930	324.111
1931	324.166
1932	324.222
1933	324.279
1934	324.337
1935	324.396
1936	324.457
1937	324.519
1938	324.582
1939	324.644
1940	324.706
1941	324.766
1942	324.822
1943	324.876
1944	324.926
1945	324.973
1946	325.016
1947	325.056
1948	325.094
1949	325.128
1950	325.159
1951	325.186
1952	325.208
1953	325.225
1954	325.234
1955	325.236
1956	325.23
1957	325.216
1958	325.193
1959	325.162
1960	325.123
1961	325.075
1962	325.02
1963	324.957
1964	324.89
1965	324.82
1966	324.749
1967	324.679
1968	324.61
1969	324.544
1970	324.479
1971	324.417
1972	324.356
1973	324.296
1974	324.238
1975	324.181
1976	324.124
1977	324.069
1978	324.015
1979	323.961
1980	323.909
1981	323.861
1982	323.818
1983	323.788
1984	323.615
1985	323.643
1986	323.682
1987	323.727
1988	323.775
1989	323.824
1990	323.873
1991	323.923
1992	323.974
1993	324.025
1994	324.076
1995	324.128
1996	324.181
1997	324.234
1998	324.288
1999	324.342
2000	324.397
2001	324.453
2002	324.508
2003	324.563
2004	324.617
2005	324.669
2006	324.719
2007	324.766
2008	324.811
2009	324.852
2010	324.89
2011	324.926
2012	324.958
2013	324.987
2014	325.013
2015	325.034
2016	325.052
2017	325.063
2018	325.07
2019	325.07
2020	325.063
2021	325.049
2022	325.029
2023	325.002
2024	324.969
2025	324.928
2026	324.882
2027	324.831
2028	324.776
2029	324.718
2030	324.658
2031	324.599
2032	324.539
2033	324.48
2034	324.422
2035	324.364
2036	324.308
2037	324.253
2038	324.198
2039	324.144
2040	324.091
2041	324.038
2042	323.986
2043	323.934
2044	323.885
2045	323.837
2046	323.796
2047	323.768
2048	323.598
2049	323.624
2050	323.663
2051	323.706
2052	323.752
2053	323.8
2054	323.847
2055	323.895
2056	323.944
2057	323.992
2058	324.041
2059	324.091
2060	324.14
2061	324.19
2062	324.24
2063	324.291
2064	324.341
2065	324.391
2066	324.441
2067	324.49
2068	324.539
2069	324.585
2070	324.629
2071	324.672
2072	324.711
2073	324.748
2074	324.783
2075	324.814
2076	324.842
2077	324.868
2078	324.889
2079	324.907
2080	324.921
2081	324.93
2082	324.934
2083	324.933
2084	324.926
2085	324.913
2086	324.895
2087	324.872
2088	324.842
2089	324.808
2090	324.768
2091	324.725
2092	324.678
2093	324.628
2094	324.577
2095	324.525
2096	324.472
2097	324.419
2098	324.366
2099	324.313
2100	324.261
2101	324.209
2102	324.158
2103	324.107
2104	324.057
2105	324.006
2106	323.957
2107	323.907
2108	323.859
2109	323.814
2110	323.774
2111	323.747
2112	323.58
2113	323.606
2114	323.643
2115	323.685
2116	323.73
2117	323.775
2118	323.821
2119	323.867
2120	323.914
2121	323.96
2122	324.007
2123	324.053
2124	324.1
2125	324.147
2126	324.194
2127	324.241
2128	324.287
2129	324.333
2130	324.379
2131	324.424
2132	324.467
2133	324.509
2134	324.549
2135	324.587
2136	324.623
2137	324.656
2138	324.687
2139	324.715
2140	324.74
2141	324.762
2142	324.781
2143	324.796
2144	324.807
2145	324.815
2146	324.817
2147	324.815
2148	324.809
2149	324.797
2150	324.781
2151	324.76
2152	324.734
2153	324.704
2154	324.67
2155	324.632
2156	324.591
2157	324.548
2158	324.502
2159	324.456
2160	324.408
2161	324.36
2162	324.312
2163	324.264
2164	324.215
2165	324.167
2166	324.119
2167	324.071
2168	324.023
2169	323.975
2170	323.927
2171	323.88
2172	323.834
2173	323.79
2174	323.752
2175	323.725
2176	323.562
2177	323.587
2178	323.623
2179	323.664
2180	323.707
2181	323.751
2182	323.795
2183	323.839
2184	323.884
2185	323.928
2186	323.972
2187	324.017
2188	324.061
2189	324.105
2190	324.149
2191	324.192
2192	324.236
2193	324.278
2194	324.32
2195	324.361
2196	324.401
2197	324.439
2198	324.476
2199	324.51
2200	324.543
2201	324.573
2202	324.601
2203	324.626
2204	324.648
2205	324.668
2206	324.684
2207	324.697
2208	324.707
2209	324.713
2210	324.714
2211	324.712
2212	324.706
2213	324.695
2214	324.68
2215	324.661
2216	324.639
2217	324.612
2218	324.582
2219	324.548
2220	324.512
2221	324.473
2222	324.433
2223	324.391
2224	324.348
2225	324.304
2226	324.26
2227	324.215
2228	324.17
2229	324.125
2230	324.08
2231	324.034
2232	323.989
2233	323.943
2234	323.898
2235	323.853
2236	323.809
2237	323.767
2238	323.73
2239	323.704
2240	323.544
2241	323.568
2242	323.603
2243	323.642
2244	323.684
2245	323.726
2246	323.769
2247	323.811
2248	323.854
2249	323.896
2250	323.938
2251	323.98
2252	324.022
2253	324.064
2254	324.105
2255	324.146
2256	324.186
2257	324.226
2258	324.264
2259	324.302
2260	324.339
2261	324.374
2262	324.407
2263	324.439
2264	324.468
2265	324.496
2266	324.521
2267	324.544
2268	324.564
2269	324.582
2270	324.596
2271	324.607
2272	324.616
2273	324.62
2274	324.622
2275	324.619
2276	324.613
2277	324.604
2278	324.59
2279	324.573
2280	324.552
2281	324.528
2282	324.501
2283	324.471
2284	324.439
2285	324.404
2286	324.368
2287	324.33
2288	324.291
2289	324.251
2290	324.21
2291	324.168
2292	324.126
2293	324.084
2294	324.041
2295	323.998
2296	323.955
2297	323.912
2298	323.868
2299	323.825
2300	323.783
2301	323.743
2302	323.707
2303	323.683
2304	323.526
2305	323.549
2306	323.583
2307	323.621
2308	323.661
2309	323.701
2310	323.742
2311	323.783
2312	323.823
2313	323.864
2314	323.904
2315	323.944
2316	323.984
2317	324.023
2318	324.062
2319	324.1
2320	324.138
2321	324.175
2322	324.211
2323	324.246
2324	324.279
2325	324.312
2326	324.343
2327	324.372
2328	324.399
2329	324.424
2330	324.447
2331	324.468
2332	324.486
2333	324.502
2334	324.515
2335	324.525
2336	324.532
2337	324.536
2338	324.537
2339	324.535
2340	324.529
2341	324.52
2342	324.507
2343	324.492
2344	324.473
2345	324.452
2346	324.427
2347	324.4
2348	324.371
2349	324.339
2350	324.306
2351	324.272
2352	324.236
2353	324.199
2354	324.161
2355	324.122
2356	324.083
2357	324.043
2358	324.003
2359	323.962
2360	323.921
2361	323.88
2362	323.839
2363	323.798
2364	323.757
2365	323.719
2366	323.685
2367	323.661
2368	323.507
2369	323.53
2370	323.562
2371	323.599
2372	323.637
2373	323.676
2374	323.716
2375	323.755
2376	323.793
2377	323.832
2378	323.87
2379	323.908
2380	323.946
2381	323.983
2382	324.02
2383	324.056
2384	324.091
2385	324.125
2386	324.159
2387	324.191
2388	324.223
2389	324.253
2390	324.281
2391	324.308
2392	324.333
2393	324.356
2394	324.377
2395	324.396
2396	324.413
2397	324.427
2398	324.439
2399	324.448
2400	324.454
2401	324.458
2402	324.458
2403	324.456
2404	324.451
2405	324.442
2406	324.431
2407	324.417
2408	324.4
2409	324.38
2410	324.358
2411	324.333
2412	324.307
2413	324.278
2414	324.248
2415	324.216
2416	324.183
2417	324.148
2418	324.113
2419	324.077
2420	324.04
2421	324.003
2422	323.965
2423	323.927
2424	323.888
2425	323.849
2426	323.81
2427	323.77
2428	323.732
2429	323.695
2430	323.662
2431	323.639
2432	323.489
2433	323.51
2434	323.542
2435	323.577
2436	323.614
2437	323.651
2438	323.689
2439	323.726
2440	323.763
2441	323.8
2442	323.837
2443	323.873
2444	323.908
2445	323.944
2446	323.978
2447	324.012
2448	324.045
2449	324.078
2450	324.109
2451	324.139
2452	324.168
2453	324.196
2454	324.223
2455	324.248
2456	324.271
2457	324.292
2458	324.311
2459	324.329
2460	324.344
2461	324.357
2462	324.368
2463	324.376
2464	324.382
2465	324.385
2466	324.385
2467	324.383
2468	324.378
2469	324.37
2470	324.36
2471	324.347
2472	324.331
2473	324.313
2474	324.293
2475	324.27
2476	324.246
2477	324.219
2478	324.192
2479	324.162
2480	324.132
2481	324.1
2482	324.067
2483	324.033
2484	323.999
2485	323.964
2486	323.928
2487	323.892
2488	323.855
2489	323.818
2490	323.781
2491	323.743
2492	323.706
2493	323.671
2494	323.639
2495	323.618
2496	323.47
2497	323.491
2498	323.521
2499	323.555
2500	323.591
2501	323.626
2502	323.662
2503	323.698
2504	323.734
2505	323.769
2506	323.803
2507	323.838
2508	323.871
2509	323.905
2510	323.937
2511	323.969
2512	324
2513	324.031
2514	324.06
2515	324.089
2516	324.116
2517	324.142
2518	324.166
2519	324.19
2520	324.211
2521	324.231
2522	324.249
2523	324.265
2524	324.279
2525	324.291
2526	324.3
2527	324.308
2528	324.313
2529	324.316
2530	324.316
2531	324.314
2532	324.309
2533	324.302
2534	324.292
2535	324.28
2536	324.266
2537	324.249
2538	324.231
2539	324.21
2540	324.188
2541	324.163
2542	324.138
2543	324.11
2544	324.082
2545	324.052
2546	324.022
2547	323.99
2548	323.958
2549	323.925
2550	323.891
2551	323.857
2552	323.822
2553	323.787
2554	323.751
2555	323.716
2556	323.681
2557	323.647
2558	323.617
2559	323.596
2560	323.451
2561	323.471
2562	323.5
2563	323.533
2564	323.567
2565	323.601
2566	323.636
2567	323.67
2568	323.704
2569	323.737
2570	323.77
2571	323.803
2572	323.835
2573	323.866
2574	323.897
2575	323.927
2576	323.957
2577	323.985
2578	324.013
2579	324.04
2580	324.065
2581	324.089
2582	324.112
2583	324.134
2584	324.154
2585	324.172
2586	324.189
2587	324.203
2588	324.216
2589	324.227
2590	324.236
2591	324.243
2592	324.248
2593	324.25
2594	324.25
2595	324.248
2596	324.244
2597	324.237
2598	324.228
2599	324.217
2600	324.204
2601	324.189
2602	324.172
2603	324.152
2604	324.132
2605	324.109
2606	324.085
2607	324.06
2608	324.034
2609	324.006
2610	323.978
2611	323.948
2612	323.918
2613	323.887
2614	323.855
2615	323.823
2616	323.79
2617	323.756
2618	323.723
2619	323.689
2620	323.655
2621	323.623
2622	323.594
2623	323.574
2624	323.432
2625	323.452
2626	323.48
2627	323.511
2628	323.543
2629	323.576
2630	323.609
2631	323.642
2632	323.674
2633	323.706
2634	323.737
2635	323.768
2636	323.799
2637	323.828
2638	323.858
2639	323.886
2640	323.914
2641	323.941
2642	323.967
2643	323.992
2644	324.015
2645	324.038
2646	324.06
2647	324.08
2648	324.098
2649	324.115
2650	324.131
2651	324.144
2652	324.156
2653	324.167
2654	324.175
2655	324.181
2656	324.185
2657	324.187
2658	324.188
2659	324.186
2660	324.182
2661	324.175
2662	324.167
2663	324.157
2664	324.145
2665	324.131
2666	324.115
2667	324.097
2668	324.078
2669	324.057
2670	324.035
2671	324.011
2672	323.987
2673	323.961
2674	323.934
2675	323.907
2676	323.878
2677	323.849
2678	323.819
2679	323.788
2680	323.757
2681	323.726
2682	323.694
2683	323.662
2684	323.63
2685	323.599
2686	323.572
2687	323.553
2688	323.414
2689	323.432
2690	323.459
2691	323.489
2692	323.52
2693	323.551
2694	323.583
2695	323.614
2696	323.645
2697	323.675
2698	323.705
2699	323.734
2700	323.763
2701	323.791
2702	323.819
2703	323.846
2704	323.872
2705	323.897
2706	323.921
2707	323.945
2708	323.967
2709	323.988
2710	324.008
2711	324.027
2712	324.045
2713	324.06
2714	324.075
2715	324.088
2716	324.099
2717	324.108
2718	324.116
2719	324.122
2720	324.125
2721	324.127
2722	324.128
2723	324.126
2724	324.122
2725	324.116
2726	324.108
2727	324.099
2728	324.088
2729	324.075
2730	324.06
2731	324.044
2732	324.026
2733	324.006
2734	323.986
2735	323.964
2736	323.941
2737	323.917
2738	323.892
2739	323.866
2740	323.839
2741	323.812
2742	323.783
2743	323.755
2744	323.725
2745	323.695
2746	323.665
2747	323.635
2748	323.604
2749	323.575
2750	323.549
2751	323.531
2752	323.395
2753	323.412
2754	323.438
2755	323.466
2756	323.496
2757	323.526
2758	323.556
2759	323.586
2760	323.615
2761	323.644
2762	323.672
2763	323.7
2764	323.727
2765	323.754
2766	323.78
2767	323.806
2768	323.83
2769	323.854
2770	323.877
2771	323.899
2772	323.92
2773	323.94
2774	323.959
2775	323.976
2776	323.992
2777	324.007
2778	324.021
2779	324.033
2780	324.043
2781	324.052
2782	324.059
2783	324.064
2784	324.068
2785	324.07
2786	324.07
2787	324.068
2788	324.064
2789	324.059
2790	324.052
2791	324.043
2792	324.033
2793	324.021
2794	324.007
2795	323.992
2796	323.975
2797	323.957
2798	323.938
2799	323.917
2800	323.896
2801	323.873
2802	323.85
2803	323.826
2804	323.801
2805	323.775
2806	323.748
2807	323.721
2808	323.693
2809	323.665
2810	323.637
2811	323.608
2812	323.579
2813	323.551
2814	323.527
2815	323.509
2816	323.376
2817	323.393
2818	323.417
2819	323.444
2820	323.473
2821	323.501
2822	323.53
2823	323.558
2824	323.586
2825	323.613
2826	323.64
2827	323.666
2828	323.692
2829	323.717
2830	323.742
2831	323.766
2832	323.789
2833	323.812
2834	323.833
2835	323.854
2836	323.874
2837	323.892
2838	323.91
2839	323.927
2840	323.942
2841	323.956
2842	323.968
2843	323.979
2844	323.989
2845	323.997
2846	324.004
2847	324.009
2848	324.012
2849	324.014
2850	324.014
2851	324.012
2852	324.009
2853	324.004
2854	323.997
2855	323.989
2856	323.979
2857	323.968
2858	323.955
2859	323.941
2860	323.926
2861	323.909
2862	323.891
2863	323.872
2864	323.852
2865	323.831
2866	323.809
2867	323.786
2868	323.763
2869	323.738
2870	323.714
2871	323.688
2872	323.662
2873	323.635
2874	323.608
2875	323.581
2876	323.554
2877	323.528
2878	323.504
2879	323.488
2880	323.357
2881	323.373
2882	323.396
2883	323.422
2884	323.449
2885	323.476
2886	323.503
2887	323.53
2888	323.556
2889	323.582
2890	323.608
2891	323.633
2892	323.657
2893	323.681
2894	323.704
2895	323.727
2896	323.749
2897	323.77
2898	323.79
2899	323.81
2900	323.828
2901	323.846
2902	323.862
2903	323.878
2904	323.892
2905	323.905
2906	323.917
2907	323.927
2908	323.936
2909	323.944
2910	323.95
2911	323.955
2912	323.958
2913	323.959
2914	323.959
2915	323.958
2916	323.955
2917	323.95
2918	323.944
2919	323.936
2920	323.927
2921	323.917
2922	323.905
2923	323.892
2924	323.878
2925	323.862
2926	323.845
2927	323.827
2928	323.809
2929	323.789
2930	323.769
2931	323.747
2932	323.725
2933	323.702
2934	323.679
2935	323.655
2936	323.63
2937	323.605
2938	323.58
2939	323.554
2940	323.529
2941	323.504
2942	323.482
2943	323.466
2944	323.337
2945	323.353
2946	323.375
2947	323.4
2948	323.425
2949	323.451
2950	323.477
2951	323.502
2952	323.527
2953	323.552
2954	323.576
2955	323.599
2956	323.622
2957	323.645
2958	323.667
2959	323.688
2960	323.709
2961	323.729
2962	323.748
2963	323.766
2964	323.784
2965	323.8
2966	323.816
2967	323.83
2968	323.844
2969	323.856
2970	323.867
2971	323.876
2972	323.885
2973	323.892
2974	323.898
2975	323.902
2976	323.905
2977	323.906
2978	323.906
2979	323.905
2980	323.902
2981	323.898
2982	323.892
2983	323.885
2984	323.877
2985	323.867
2986	323.856
2987	323.844
2988	323.83
2989	323.816
2990	323.8
2991	323.784
2992	323.766
2993	323.748
2994	323.729
2995	323.709
2996	323.688
2997	323.667
2998	323.645
2999	323.622
3000	323.599
3001	323.576
3002	323.552
3003	323.527
3004	323.503
3005	323.48
3006	323.459
3007	323.445
3008	323.318
3009	323.333
3010	323.354
3011	323.377
3012	323.401
3013	323.426
3014	323.45
3015	323.474
3016	323.498
3017	323.521
3018	323.544
3019	323.566
3020	323.588
3021	323.609
3022	323.63
3023	323.65
3024	323.669
3025	323.688
3026	323.706
3027	323.724
3028	323.74
3029	323.755
3030	323.77
3031	323.784
3032	323.796
3033	323.807
3034	323.818
3035	323.827
3036	323.835
3037	323.841
3038	323.847
3039	323.851
3040	323.853
3041	323.855
3042	323.855
3043	323.854
3044	323.851
3045	323.847
3046	323.842
3047	323.835
3048	323.827
3049	323.818
3050	323.808
3051	323.797
3052	323.784
3053	323.771
3054	323.756
3055	323.741
3056	323.724
3057	323.707
3058	323.689
3059	323.67
3060	323.651
3061	323.631
3062	323.611
3063	323.59
3064	323.568
3065	323.546
3066	323.523
3067	323.501
3068	323.478
3069	323.456
3070	323.437
3071	323.423
3072	323.299
3073	323.313
3074	323.332
3075	323.355
3076	323.378
3077	323.401
3078	323.424
3079	323.446
3080	323.468
3081	323.49
3082	323.512
3083	323.533
3084	323.553
3085	323.574
3086	323.593
3087	323.612
3088	323.63
3089	323.648
3090	323.665
3091	323.681
3092	323.697
3093	323.711
3094	323.725
3095	323.738
3096	323.749
3097	323.76
3098	323.77
3099	323.778
3100	323.786
3101	323.792
3102	323.797
3103	323.801
3104	323.803
3105	323.804
3106	323.804
3107	323.803
3108	323.801
3109	323.797
3110	323.792
3111	323.786
3112	323.779
3113	323.77
3114	323.761
3115	323.75
3116	323.739
3117	323.726
3118	323.712
3119	323.698
3120	323.683
3121	323.667
3122	323.65
3123	323.633
3124	323.614
3125	323.596
3126	323.577
3127	323.557
3128	323.537
3129	323.516
3130	323.495
3131	323.474
3132	323.453
3133	323.432
3134	323.414
3135	323.401
3136	323.279
3137	323.292
3138	323.311
3139	323.332
3140	323.353
3141	323.375
3142	323.397
3143	323.418
3144	323.439
3145	323.46
3146	323.48
3147	323.5
3148	323.519
3149	323.538
3150	323.557
3151	323.574
3152	323.592
3153	323.608
3154	323.624
3155	323.639
3156	323.654
3157	323.668
3158	323.68
3159	323.692
3160	323.703
3161	323.713
3162	323.722
3163	323.73
3164	323.737
3165	323.743
3166	323.748
3167	323.751
3168	323.754
3169	323.755
3170	323.755
3171	323.754
3172	323.752
3173	323.748
3174	323.744
3175	323.738
3176	323.731
3177	323.723
3178	323.714
3179	323.705
3180	323.694
3181	323.682
3182	323.669
3183	323.656
3184	323.642
3185	323.627
3186	323.611
3187	323.595
3188	323.578
3189	323.561
3190	323.543
3191	323.525
3192	323.506
3193	323.487
3194	323.467
3195	323.447
3196	323.428
3197	323.408
3198	323.391
3199	323.379
3200	323.26
3201	323.272
3202	323.289
3203	323.309
3204	323.329
3205	323.35
3206	323.37
3207	323.39
3208	323.41
3209	323.429
3210	323.448
3211	323.467
3212	323.485
3213	323.503
3214	323.52
3215	323.537
3216	323.553
3217	323.569
3218	323.584
3219	323.598
3220	323.612
3221	323.624
3222	323.636
3223	323.648
3224	323.658
3225	323.667
3226	323.676
3227	323.683
3228	323.69
3229	323.695
3230	323.7
3231	323.703
3232	323.705
3233	323.706
3234	323.707
3235	323.706
3236	323.703
3237	323.7
3238	323.696
3239	323.691
3240	323.684
3241	323.677
3242	323.669
3243	323.66
3244	323.65
3245	323.639
3246	323.627
3247	323.614
3248	323.601
3249	323.587
3250	323.573
3251	323.558
3252	323.542
3253	323.526
3254	323.509
3255	323.492
3256	323.475
3257	323.457
3258	323.439
3259	323.42
3260	323.402
3261	323.384
3262	323.369
3263	323.357
3264	323.24
3265	323.251
3266	323.268
3267	323.286
3268	323.305
3269	323.324
3270	323.343
3271	323.362
3272	323.38
3273	323.399
3274	323.416
3275	323.434
3276	323.451
3277	323.468
3278	323.484
3279	323.5
3280	323.515
3281	323.529
3282	323.544
3283	323.557
3284	323.57
3285	323.582
3286	323.593
3287	323.604
3288	323.613
3289	323.622
3290	323.63
3291	323.637
3292	323.643
3293	323.648
3294	323.652
3295	323.655
3296	323.658
3297	323.659
3298	323.659
3299	323.658
3300	323.656
3301	323.653
3302	323.649
3303	323.644
3304	323.638
3305	323.631
3306	323.624
3307	323.615
3308	323.606
3309	323.596
3310	323.585
3311	323.573
3312	323.561
3313	323.548
3314	323.534
3315	323.52
3316	323.506
3317	323.491
3318	323.475
3319	323.46
3320	323.443
3321	323.427
3322	323.41
3323	323.393
3324	323.376
3325	323.36
3326	323.346
3327	323.335
3328	323.22
3329	323.23
3330	323.246
3331	323.263
3332	323.28
3333	323.298
3334	323.316
3335	323.333
3336	323.351
3337	323.368
3338	323.384
3339	323.401
3340	323.417
3341	323.432
3342	323.448
3343	323.462
3344	323.477
3345	323.49
3346	323.504
3347	323.516
3348	323.528
3349	323.539
3350	323.55
3351	323.56
3352	323.569
3353	323.577
3354	323.585
3355	323.591
3356	323.597
3357	323.602
3358	323.606
3359	323.609
3360	323.611
3361	323.612
3362	323.612
3363	323.611
3364	323.609
3365	323.606
3366	323.603
3367	323.598
3368	323.593
3369	323.586
3370	323.579
3371	323.571
3372	323.563
3373	323.553
3374	323.543
3375	323.532
3376	323.521
3377	323.509
3378	323.496
3379	323.483
3380	323.47
3381	323.456
3382	323.442
3383	323.427
3384	323.412
3385	323.397
3386	323.382
3387	323.366
3388	323.351
3389	323.336
3390	323.322
3391	323.313
3392	323.199
3393	323.209
3394	323.223
3395	323.239
3396	323.256
3397	323.272
3398	323.289
3399	323.305
3400	323.321
3401	323.337
3402	323.352
3403	323.368
3404	323.383
3405	323.397
3406	323.412
3407	323.425
3408	323.439
3409	323.452
3410	323.464
3411	323.476
3412	323.487
3413	323.497
3414	323.507
3415	323.517
3416	323.525
3417	323.533
3418	323.54
3419	323.546
3420	323.551
3421	323.556
3422	323.559
3423	323.562
3424	323.564
3425	323.565
3426	323.565
3427	323.564
3428	323.563
3429	323.56
3430	323.557
3431	323.553
3432	323.548
3433	323.542
3434	323.535
3435	323.528
3436	323.52
3437	323.511
3438	323.501
3439	323.491
3440	323.481
3441	323.47
3442	323.458
3443	323.446
3444	323.434
3445	323.421
3446	323.408
3447	323.394
3448	323.381
3449	323.367
3450	323.353
3451	323.339
3452	323.324
3453	323.311
3454	323.299
3455	323.29
3456	323.179
3457	323.188
3458	323.201
3459	323.215
3460	323.23
3461	323.246
3462	323.261
3463	323.276
3464	323.291
3465	323.306
3466	323.32
3467	323.335
3468	323.348
3469	323.362
3470	323.375
3471	323.388
3472	323.401
3473	323.413
3474	323.424
3475	323.435
3476	323.446
3477	323.456
3478	323.465
3479	323.474
3480	323.482
3481	323.489
3482	323.495
3483	323.501
3484	323.506
3485	323.51
3486	323.514
3487	323.516
3488	323.518
3489	323.519
3490	323.519
3491	323.519
3492	323.517
3493	323.515
3494	323.512
3495	323.508
3496	323.503
3497	323.498
3498	323.491
3499	323.485
3500	323.477
3501	323.469
3502	323.46
3503	323.451
3504	323.441
3505	323.431
3506	323.42
3507	323.409
3508	323.398
3509	323.386
3510	323.374
3511	323.361
3512	323.349
3513	323.336
3514	323.323
3515	323.311
3516	323.298
3517	323.286
3518	323.275
3519	323.267
3520	323.157
3521	323.166
3522	323.178
3523	323.191
3524	323.205
3525	323.219
3526	323.233
3527	323.247
3528	323.261
3529	323.274
3530	323.288
3531	323.301
3532	323.314
3533	323.327
3534	323.339
3535	323.351
3536	323.363
3537	323.374
3538	323.385
3539	323.395
3540	323.405
3541	323.414
3542	323.423
3543	323.431
3544	323.439
3545	323.445
3546	323.451
3547	323.457
3548	323.461
3549	323.465
3550	323.469
3551	323.471
3552	323.473
3553	323.474
3554	323.474
3555	323.473
3556	323.472
3557	323.47
3558	323.467
3559	323.463
3560	323.459
3561	323.454
3562	323.448
3563	323.442
3564	323.435
3565	323.427
3566	323.419
3567	323.41
3568	323.401
3569	323.392
3570	323.382
3571	323.372
3572	323.361
3573	323.35
3574	323.339
3575	323.328
3576	323.317
3577	323.305
3578	323.294
3579	323.282
3580	323.271
3581	323.26
3582	323.25
3583	323.244
3584	323.136
3585	323.143
3586	323.154
3587	323.166
3588	323.179
3589	323.192
3590	323.204
3591	323.217
3592	323.23
3593	323.243
3594	323.255
3595	323.268
3596	323.28
3597	323.291
3598	323.303
3599	323.314
3600	323.325
3601	323.336
3602	323.346
3603	323.355
3604	323.364
3605	323.373
3606	323.381
3607	323.389
3608	323.396
3609	323.402
3610	323.408
3611	323.413
3612	323.417
3613	323.421
3614	323.424
3615	323.426
3616	323.428
3617	323.428
3618	323.429
3619	323.428
3620	323.427
3621	323.425
3622	323.422
3623	323.419
3624	323.415
3625	323.41
3626	323.405
3627	323.399
3628	323.392
3629	323.386
3630	323.378
3631	323.37
3632	323.362
3633	323.353
3634	323.344
3635	323.335
3636	323.325
3637	323.315
3638	323.305
3639	323.295
3640	323.284
3641	323.274
3642	323.264
3643	323.253
3644	323.243
3645	323.234
3646	323.225
3647	323.22
3648	323.114
3649	323.12
3650	323.13
3651	323.141
3652	323.152
3653	323.164
3654	323.176
3655	323.187
3656	323.199
3657	323.211
3658	323.222
3659	323.234
3660	323.245
3661	323.256
3662	323.267
3663	323.277
3664	323.287
3665	323.297
3666	323.306
3667	323.315
3668	323.324
3669	323.332
3670	323.34
3671	323.347
3672	323.353
3673	323.359
3674	323.364
3675	323.369
3676	323.373
3677	323.376
3678	323.379
3679	323.381
3680	323.383
3681	323.384
3682	323.384
3683	323.383
3684	323.382
3685	323.38
3686	323.378
3687	323.375
3688	323.371
3689	323.367
3690	323.362
3691	323.356
3692	323.35
3693	323.344
3694	323.337
3695	323.33
3696	323.322
3697	323.314
3698	323.306
3699	323.297
3700	323.288
3701	323.279
3702	323.27
3703	323.261
3704	323.251
3705	323.242
3706	323.233
3707	323.224
3708	323.215
3709	323.207
3710	323.2
3711	323.195
3712	323.091
3713	323.097
3714	323.105
3715	323.115
3716	323.125
3717	323.136
3718	323.146
3719	323.157
3720	323.168
3721	323.179
3722	323.189
3723	323.2
3724	323.21
3725	323.22
3726	323.23
3727	323.24
3728	323.249
3729	323.259
3730	323.267
3731	323.276
3732	323.284
3733	323.291
3734	323.298
3735	323.305
3736	323.311
3737	323.316
3738	323.321
3739	323.326
3740	323.329
3741	323.333
3742	323.335
3743	323.337
3744	323.339
3745	323.339
3746	323.339
3747	323.339
3748	323.338
3749	323.336
3750	323.334
3751	323.331
3752	323.328
3753	323.324
3754	323.319
3755	323.314
3756	323.309
3757	323.303
3758	323.296
3759	323.29
3760	323.283
3761	323.275
3762	323.267
3763	323.26
3764	323.251
3765	323.243
3766	323.235
3767	323.227
3768	323.218
3769	323.21
3770	323.202
3771	323.194
3772	323.186
3773	323.179
3774	323.173
3775	323.169
3776	323.068
3777	323.073
3778	323.08
3779	323.089
3780	323.098
3781	323.107
3782	323.117
3783	323.127
3784	323.136
3785	323.146
3786	323.156
3787	323.166
3788	323.175
3789	323.185
3790	323.194
3791	323.203
3792	323.212
3793	323.22
3794	323.228
3795	323.236
3796	323.244
3797	323.251
3798	323.257
3799	323.263
3800	323.269
3801	323.274
3802	323.279
3803	323.283
3804	323.286
3805	323.289
3806	323.292
3807	323.294
3808	323.295
3809	323.296
3810	323.296
3811	323.295
3812	323.294
3813	323.293
3814	323.291
3815	323.288
3816	323.285
3817	323.281
3818	323.277
3819	323.272
3820	323.267
3821	323.262
3822	323.256
3823	323.25
3824	323.243
3825	323.236
3826	323.229
3827	323.222
3828	323.215
3829	323.207
3830	323.2
3831	323.192
3832	323.185
3833	323.177
3834	323.17
3835	323.163
3836	323.157
3837	323.151
3838	323.146
3839	323.143
3840	323.044
3841	323.048
3842	323.054
3843	323.062
3844	323.07
3845	323.078
3846	323.087
3847	323.096
3848	323.105
3849	323.114
3850	323.123
3851	323.132
3852	323.141
3853	323.15
3854	323.158
3855	323.167
3856	323.175
3857	323.183
3858	323.19
3859	323.198
3860	323.204
3861	323.211
3862	323.217
3863	323.223
3864	323.228
3865	323.233
3866	323.237
3867	323.241
3868	323.244
3869	323.247
3870	323.249
3871	323.251
3872	323.252
3873	323.253
3874	323.253
3875	323.253
3876	323.252
3877	323.25
3878	323.248
3879	323.246
3880	323.243
3881	323.24
3882	323.236
3883	323.231
3884	323.227
3885	323.222
3886	323.216
3887	323.21
3888	323.204
3889	323.198
3890	323.192
3891	323.185
3892	323.178
3893	323.171
3894	323.165
3895	323.158
3896	323.151
3897	323.145
3898	323.138
3899	323.133
3900	323.127
3901	323.123
3902	323.119
3903	323.117
3904	323.02
3905	323.024
3906	323.029
3907	323.036
3908	323.043
3909	323.051
3910	323.059
3911	323.067
3912	323.075
3913	323.083
3914	323.092
3915	323.1
3916	323.108
3917	323.116
3918	323.124
3919	323.132
3920	323.14
3921	323.147
3922	323.154
3923	323.161
3924	323.167
3925	323.173
3926	323.179
3927	323.184
3928	323.189
3929	323.194
3930	323.198
3931	323.201
3932	323.204
3933	323.207
3934	323.209
3935	323.211
3936	323.212
3937	323.212
3938	323.212
3939	323.212
3940	323.211
3941	323.21
3942	323.208
3943	323.206
3944	323.203
3945	323.2
3946	323.196
3947	323.193
3948	323.188
3949	323.183
3950	323.178
3951	323.173
3952	323.168
3953	323.162
3954	323.156
3955	323.15
3956	323.143
3957	323.137
3958	323.131
3959	323.125
3960	323.119
3961	323.113
3962	323.108
3963	323.103
3964	323.098
3965	323.094
3966	323.092
3967	323.09
3968	322.999
3969	323.002
3970	323.006
3971	323.012
3972	323.019
3973	323.026
3974	323.033
3975	323.04
3976	323.048
3977	323.056
3978	323.064
3979	323.071
3980	323.079
3981	323.087
3982	323.094
3983	323.101
3984	323.109
3985	323.115
3986	323.122
3987	323.128
3988	323.134
3989	323.14
3990	323.145
3991	323.15
3992	323.155
3993	323.159
3994	323.163
3995	323.166
3996	323.169
3997	323.172
3998	323.174
3999	323.175
4000	323.176
4001	323.177
4002	323.177
4003	323.177
4004	323.176
4005	323.175
4006	323.173
4007	323.171
4008	323.168
4009	323.165
4010	323.162
4011	323.158
4012	323.154
4013	323.15
4014	323.145
4015	323.14
4016	323.135
4017	323.13
4018	323.124
4019	323.118
4020	323.113
4021	323.107
4022	323.101
4023	323.095
4024	323.09
4025	323.085
4026	323.08
4027	323.075
4028	323.072
4029	323.069
4030	323.067
4031	323.066
4032	322.984
4033	322.986
4034	322.99
4035	322.995
4036	323.001
4037	323.008
4038	323.015
4039	323.022
4040	323.029
4041	323.037
4042	323.044
4043	323.051
4044	323.059
4045	323.066
4046	323.073
4047	323.08
4048	323.087
4049	323.094
4050	323.1
4051	323.106
4052	323.112
4053	323.117
4054	323.122
4055	323.127
4056	323.131
4057	323.135
4058	323.139
4059	323.142
4060	323.145
4061	323.147
4062	323.149
4063	323.151
4064	323.152
4065	323.152
4066	323.152
4067	323.152
4068	323.151
4069	323.15
4070	323.149
4071	323.147
4072	323.144
4073	323.141
4074	323.138
4075	323.135
4076	323.131
4077	323.126
4078	323.122
4079	323.117
4080	323.112
4081	323.107
4082	323.102
4083	323.096
4084	323.091
4085	323.085
4086	323.08
4087	323.075
4088	323.069
4089	323.065
4090	323.06
4091	323.056
4092	323.053
4093	323.05
4094	323.049
4095	323.048
