0.038056
0.011537
0.003604
0.004197
0.003400
0.003070
0.003596
0.003939
0.004315
0.003380
0.003117
0.004391
0.002863
0.003199
0.003124
0.003566
0.003905
0.003779
0.003603
0.003891
0.004183
0.035922
0.002873
0.003013
0.003180
0.003874
0.003228
0.003612
0.003527
0.003624
0.005088
0.003652
0.003709
0.003762
0.004169
0.004455
0.004500
0.004725
0.004428
0.004676
0.004599
0.005349
0.004638
0.004648
0.005262
0.005204
0.005177
0.005238
0.005337
0.005090
0.005490
0.005476
0.005535
0.005535
0.005440
0.005897
0.005927
0.005505
0.005837
0.005959
0.005996
0.005821
0.006237
0.006250
0.006176
0.006161
0.006384
0.006579
0.006743
0.006504
0.006482
0.006997
0.006905
0.006930
0.007026
0.006954
0.007001
0.007135
0.007181
0.007072
0.007236
0.007247
0.007313
0.008110
0.007714
0.007638
0.007415
0.008091
0.007619
0.007277
0.008178
0.008119
0.008047
0.008334
0.008436
0.007890
0.008493
0.008299
0.008807
0.008781
0.008771
0.008489
0.008206
0.008472
0.008587
0.008934
0.009093
0.008255
0.008726
0.008604
0.009005
0.008790
0.008773
0.008763
0.008769
0.009354
0.009241
0.008980
0.009062
0.009526
0.009380
0.009256
0.009346
0.009052
0.009283
0.009427
0.009599
0.009282
0.009626
0.009506
0.010371
0.010098
0.009916
0.010019
0.009894
0.010210
0.010094
0.010092
0.009834
0.010136
0.010783
0.010116
0.010551
0.010574
0.010595
0.010457
0.010141
0.011062
0.010358
0.010074
0.011012
0.010943
0.010374
0.010757
0.010938
0.010542
0.010299
0.010736
0.011037
0.011068
0.010607
0.011398
0.010171
0.011453
0.011663
0.010788
0.011138
0.011015
0.010823
0.010832
0.010509
0.011163
0.011053
0.011541
0.011347
0.011049
0.011742
0.011581
0.011377
0.012958
0.012212
0.012035
0.011761
0.012324
0.012241
0.012003
0.012100
0.011158
0.011763
0.011986
0.012141
0.011991
0.012165
0.012280
0.012095
0.012475
0.012080
0.012118
0.012490
0.012906
0.012714
0.013159
0.012878
0.012717
0.012888
0.012638
0.012661
0.012672
0.012706
0.012666
0.013377
0.013276
0.012937
0.013006
0.012853
0.013262
0.013503
0.013112
0.012824
0.012614
