==31288== NVPROF is profiling process 31288, command: ./descent.o 100 0.05
==31288== Profiling application: ./descent.o 100 0.05
==31288== Profiling result:
Time(%)      Time     Calls       Avg       Min       Max  Name
 67.10%  369.78ms    100000  3.6970us  3.5210us  19.296us  void thrust::system::cuda::detail::bulk_::detail::launch_by_value<unsigned int=128, thrust::system::cuda::detail::bulk_::detail::cuda_task<thrust::system::cuda::detail::bulk_::parallel_group<thrust::system::cuda::detail::bulk_::concurrent_group<thrust::system::cuda::detail::bulk_::agent<unsigned long=7>, unsigned long=128>, unsigned long=0>, thrust::system::cuda::detail::bulk_::detail::closure<thrust::system::cuda::detail::reduce_detail::reduce_partitions, thrust::tuple<thrust::system::cuda::detail::bulk_::detail::cursor<unsigned int=1>, thrust::detail::normal_iterator<thrust::device_ptr<float>>, thrust::system::cuda::detail::aligned_decomposition<long>, thrust::detail::normal_iterator<thrust::pointer<float, thrust::system::cuda::detail::tag, thrust::use_default, thrust::use_default>>, float, thrust::plus<float>, thrust::null_type, thrust::null_type, thrust::null_type, thrust::null_type>>>>(unsigned long=7)
 25.04%  138.00ms    100000  1.3800us  1.1200us  8.2880us  void thrust::system::cuda::detail::bulk_::detail::launch_by_value<unsigned int=0, thrust::system::cuda::detail::bulk_::detail::cuda_task<thrust::system::cuda::detail::bulk_::parallel_group<thrust::system::cuda::detail::bulk_::concurrent_group<thrust::system::cuda::detail::bulk_::agent<unsigned long=1>, unsigned long=0>, unsigned long=0>, thrust::system::cuda::detail::bulk_::detail::closure<thrust::system::cuda::detail::for_each_n_detail::for_each_kernel, thrust::tuple<thrust::system::cuda::detail::bulk_::detail::cursor<unsigned int=0>, thrust::zip_iterator<thrust::tuple<thrust::detail::normal_iterator<thrust::device_ptr<float>>, thrust::detail::normal_iterator<thrust::device_ptr<float>>, thrust::detail::normal_iterator<thrust::device_ptr<float>>, thrust::null_type, thrust::null_type, thrust::null_type, thrust::null_type, thrust::null_type, thrust::null_type, thrust::null_type>>, thrust::detail::wrapped_function<thrust::detail::binary_transform_functor<thrust::multiplies<float>>, void>, unsigned int, thrust::null_type, thrust::null_type, thrust::null_type, thrust::null_type, thrust::null_type, thrust::null_type>>>>(unsigned long=1)
  6.14%  33.827ms    100000     338ns     320ns  11.136us  [CUDA memcpy DtoH]
  1.66%  9.1661ms       100  91.660us  42.496us  162.47us  <dotProductFunctorNC>, void>, unsigned int, thrust::null_type, thrust::null_type, thrust::null_type, thrust::null_type, thrust::null_type, thrust::null_type>>>>(unsigned long=1)
  0.04%  196.67us       100  1.9660us  1.2160us  2.9440us  void thrust::system::cuda::detail::bulk_::detail::launch_by_value<unsigned int=0, thrust::system::cuda::detail::bulk_::detail::cuda_task<thrust::system::cuda::detail::bulk_::parallel_group<thrust::system::cuda::detail::bulk_::concurrent_group<thrust::system::cuda::detail::bulk_::agent<unsigned long=1>, unsigned long=0>, unsigned long=0>, thrust::system::cuda::detail::bulk_::detail::closure<thrust::system::cuda::detail::for_each_n_detail::for_each_kernel, thrust::tuple<thrust::system::cuda::detail::bulk_::detail::cursor<unsigned int=0>, thrust::zip_iterator<thrust::tuple<thrust::detail::normal_iterator<thrust::device_ptr<float>>, thrust::detail::normal_iterator<thrust::device_ptr<float>>, thrust::detail::normal_iterator<thrust::device_ptr<float>>, thrust::null_type, thrust::null_type, thrust::null_type, thrust::null_type, thrust::null_type, thrust::null_type, thrust::null_type>>, thrust::detail::wrapped_function<thrust::detail::binary_transform_functor<thrust::minus<float>>, void>, unsigned int, thrust::null_type, thrust::null_type, thrust::null_type, thrust::null_type, thrust::null_type, thrust::null_type>>>>(unsigned long=1)
  0.02%  112.16us       104  1.0780us     704ns  4.1280us  [CUDA memcpy HtoD]
  0.00%  3.1040us         2  1.5520us     960ns  2.1440us  void thrust::system::cuda::detail::bulk_::detail::launch_by_value<unsigned int=0, thrust::system::cuda::detail::bulk_::detail::cuda_task<thrust::system::cuda::detail::bulk_::parallel_group<thrust::system::cuda::detail::bulk_::concurrent_group<thrust::system::cuda::detail::bulk_::agent<unsigned long=1>, unsigned long=0>, unsigned long=0>, thrust::system::cuda::detail::bulk_::detail::closure<thrust::system::cuda::detail::for_each_n_detail::for_each_kernel, thrust::tuple<thrust::system::cuda::detail::bulk_::detail::cursor<unsigned int=0>, thrust::device_ptr<float>, thrust::detail::wrapped_function<thrust::detail::device_generate_functor<thrust::detail::fill_functor<float>>, void>, unsigned int, thrust::null_type, thrust::null_type, thrust::null_type, thrust::null_type, thrust::null_type, thrust::null_type>>>>(unsigned long=1)

==31288== API calls:
Time(%)      Time     Calls       Avg       Min       Max  Name
 20.63%  1.14565s    100004  11.456us  2.8120us  14.801ms  cudaMemcpyAsync
 19.82%  1.10043s    200202  5.4960us  4.1220us  692.39us  cudaLaunch
 16.63%  923.38ms    100000  9.2330us  1.1070us  1.9133ms  cudaEventSynchronize
 16.26%  903.04ms    600808  1.5030us  1.3130us  348.05us  cudaFuncGetAttributes
  8.86%  492.25ms    100006  4.9220us  3.3800us  119.56ms  cudaMalloc
  6.70%  371.94ms    100006  3.7190us  3.3730us  201.13us  cudaFree
  2.83%  157.11ms    200202     784ns     559ns  60.550us  cudaEventCreateWithFlags
  2.74%  152.23ms    600606     253ns     190ns  264.34us  cudaGetDevice
  2.18%  120.93ms    200202     604ns     461ns  308.83us  cudaEventRecord
  1.90%  105.54ms    200202     527ns     406ns  1.8072ms  cudaEventDestroy
  0.74%  41.131ms    200202     205ns     114ns  261.29us  cudaConfigureCall
  0.69%  38.044ms    200202     190ns     121ns  338.49us  cudaSetupArgument
  0.01%  729.72us       100  7.2970us  4.5970us  27.077us  cudaMemcpyToSymbol
  0.00%  194.30us        91  2.1350us     102ns  74.670us  cuDeviceGetAttribute
  0.00%  160.04us         1  160.04us  160.04us  160.04us  cuDeviceTotalMem
  0.00%  37.783us         1  37.783us  37.783us  37.783us  cuDeviceGetName
  0.00%  3.2490us        11     295ns     207ns     680ns  cudaDeviceGetAttribute
  0.00%  1.6660us         3     555ns     100ns  1.2640us  cuDeviceGetCount
  0.00%     773ns         3     257ns     117ns     477ns  cuDeviceGet
