0.004514
0.003905
0.002141
0.002576
0.003132
0.002739
0.003018
0.003589
0.002454
0.002076
0.001987
0.002898
0.002517
0.003339
0.003123
0.003326
0.003552
0.003831
0.004472
0.002248
0.003921
0.002107
0.001965
0.002221
0.003650
0.002844
0.003206
0.004386
0.004421
0.005466
0.003779
0.004010
0.005550
0.006524
0.004959
0.006287
0.005819
0.006231
0.007562
0.007081
0.009035
0.009093
0.007681
0.007186
0.010748
0.011007
0.011151
0.008741
0.012567
0.010605
0.013100
0.010840
0.010032
0.016228
0.012460
0.013498
0.014241
0.016077
0.021215
0.014437
0.015639
0.017372
0.011940
0.022869
0.018497
0.014308
0.018729
0.016668
0.022124
0.019465
0.020783
0.020399
0.016849
0.030194
0.018671
0.023129
0.021091
0.024219
0.027023
0.022521
0.019464
0.023388
0.015762
0.025360
0.026191
0.020382
0.016548
0.019574
0.028027
0.022114
0.025215
0.022673
0.022853
0.026963
0.030362
0.026599
0.019553
0.029433
0.026647
0.031545
0.023713
0.024647
0.032502
0.030607
0.033530
0.025328
0.032838
0.030953
0.031168
0.028785
0.021109
0.029496
0.024432
0.036781
0.029731
0.024034
0.034043
0.022088
0.040277
0.032688
0.040468
0.029780
0.026640
0.033100
0.037184
0.028799
0.025275
0.021806
0.028182
0.033958
0.030661
0.018442
0.025224
0.032721
0.038891
0.026286
0.021495
0.035101
0.024932
0.023988
0.034980
0.021252
0.029411
0.023114
0.035585
0.034940
0.027460
0.031957
0.022445
0.028562
0.020468
0.016661
0.029358
0.030105
0.028219
0.028274
0.030644
0.030476
0.029820
0.030982
0.032477
0.031351
0.030748
0.031735
0.031064
0.051986
0.032406
0.024765
0.032745
0.032630
0.036244
0.038975
0.033208
0.033009
0.034751
0.041917
0.036823
0.031556
0.033750
0.034320
0.054197
0.033707
0.033960
0.030679
0.028584
0.057370
0.036265
0.036195
0.035750
0.034885
0.054334
0.033321
0.043135
0.030904
0.038534
0.038947
0.043081
0.038572
0.038746
0.038154
0.053588
0.046113
0.043649
0.038887
0.036416
0.039182
0.048236
0.032671
0.042662
0.039535
0.041602
0.041488
0.047959
0.044648
0.042909
0.029594
0.045177
0.045976
0.044534
