77.337980
74.208021
70.602894
75.726986
70.197105
74.103117
67.974091
73.839903
68.771124
73.618889
76.617002
73.193073
73.608160
77.399015
71.656942
78.422070
76.169968
76.679945
75.299978
72.668791
77.261925
76.804876
76.534033
75.056076
82.347155
82.952976
81.569910
86.905003
78.716040
79.483032
82.480907
83.769083
85.002184
86.425066
85.933924
82.783937
77.587128
84.300041
84.815979
74.969053
86.873055
80.816031
87.721109
86.344957
83.088875
85.021019
79.586029
78.644037
75.699806
79.997063
85.427999
395.741940
83.610058
76.172113
82.468987
86.108923
89.780092
83.249807
88.053942
87.249041
82.448006
88.438034
82.417011
86.618185
86.596966
85.656881
84.026814
82.840919
89.106083
83.334923
92.069864
88.599920
86.298943
82.505941
86.581945
84.657192
86.814165
87.003946
82.165956
85.347176
87.401867
87.970018
86.990118
80.935955
83.032131
89.138031
94.459057
91.557026
86.217165
82.540035
91.655970
92.391014
82.992077
87.445021
88.789940
90.183020
86.218119
90.142012
89.688063
86.570978
