0.039101
0.038147
0.042200
0.049114
0.061035
0.067949
0.072002
0.081062
0.092983
0.102043
0.108004
0.110865
0.120878
0.124216
0.135899
0.143051
0.167131
0.171900
0.185013
0.197887
0.226974
0.250101
0.286818
0.311852
0.308037
0.381947
0.347853
0.395060
0.411987
0.441074
0.510931
0.493050
0.499010
0.565052
0.596046
0.671864
0.631094
0.669956
0.746965
0.743866
0.760078
0.804901
0.839949
0.870943
0.941038
0.946045
1.039028
1.066923
1.083136
1.104832
1.209021
1.238823
1.290083
1.374006
1.406908
1.435041
1.444101
1.569986
1.492977
1.607895
1.677990
1.719952
1.825094
1.773834
1.986980
1.846075
2.034187
1.956940
2.063990
2.191067
2.262831
2.218962
2.285004
2.417088
2.486229
2.491951
2.794981
2.689838
2.680063
2.674103
2.757072
2.772093
2.852917
2.842903
3.108978
3.065109
3.175020
3.231049
3.305912
3.406048
3.557920
3.676891
3.597975
3.657103
3.665209
3.723860
3.808975
3.817081
4.163980
4.104137
