78.181982
73.212147
70.001841
72.090864
74.976921
72.381973
86.360931
65.492868
75.178862
71.498156
72.012901
73.024988
71.738005
69.839001
77.023983
75.787067
69.170952
75.762987
76.653004
77.118874
73.707104
83.228111
77.615023
80.222130
79.404831
81.213951
76.637983
88.828087
74.336052
70.481062
84.323168
79.910994
78.528881
82.818031
82.171917
80.983877
81.602812
79.427958
80.235004
86.030960
74.699879
76.566935
71.191072
75.764894
84.290028
79.256058
79.351187
77.270031
80.111027
79.739094
78.885794
80.461025
79.737186
79.179049
76.878071
79.912186
79.123974
79.925060
78.679085
81.057072
76.777935
75.822115
83.124876
81.397057
84.885836
84.751129
74.585915
73.565006
80.256939
81.470013
79.483032
85.987091
82.751989
82.803011
78.428030
83.356142
78.291178
81.246853
79.984903
84.999084
82.262993
83.629131
91.550827
87.197065
76.714993
80.524921
86.173058
80.348015
84.027052
83.418846
78.505993
81.884861
85.435867
83.671093
85.230112
89.783907
80.763102
77.639818
82.204819
78.965902
