0.037909
0.039816
0.046968
0.054121
0.064850
0.068903
0.082970
0.082970
0.100136
0.101089
0.110865
0.123024
0.135183
0.139952
0.154018
0.163078
0.200987
0.195980
0.197172
0.286818
0.262976
0.260115
0.315189
0.315905
0.358105
0.358820
0.400066
0.415087
0.424862
0.450134
0.494957
0.499010
0.537872
0.567913
0.586033
0.624895
0.617981
0.703096
0.716925
0.782967
0.754118
0.792980
0.837088
0.901937
0.942945
0.999928
1.019001
1.029015
1.063108
1.155853
1.138210
1.222134
1.231909
1.296997
1.348972
1.427174
1.523018
1.477957
1.605034
1.713991
1.671076
1.734972
1.812935
1.808882
1.919985
1.875877
2.032042
2.008915
2.053976
2.269983
2.214193
2.279997
2.334833
2.407074
2.472878
2.552986
2.586842
2.680063
2.761841
2.732992
2.786875
2.870798
3.216028
2.938032
3.153086
3.237963
3.216982
3.298998
3.376961
3.438950
3.506899
3.550053
3.489017
3.715992
3.743172
3.918886
4.065037
4.189014
4.088163
4.095078
